<?xml version="1.0" encoding="UTF-8"?>
<!-- Generated by org.testng.reporters.JUnitXMLReporter -->
<testsuite ignored="0" hostname="DESKTOP-3FPT81S" failures="1" tests="1" name="VOIS_Automation_Challenge" time="7.386" errors="0" timestamp="29 Oct 2022 19:16:12 GMT">
  <testcase classname="TestClasses.SearchSizeTest" name="firstTest" time="4.64">
    <failure type="java.lang.AssertionError" message="null">
      <![CDATA[java.lang.AssertionError: null
at TestClasses.SearchSizeTest.firstTest(SearchSizeTest.java:53)
at com.intellij.rt.testng.IDEARemoteTestNG.run(IDEARemoteTestNG.java:66)
at com.intellij.rt.testng.RemoteTestNGStarter.main(RemoteTestNGStarter.java:109)
... Removed 24 stack frames]]>
    </failure>
  </testcase> <!-- firstTest -->
</testsuite> <!-- VOIS_Automation_Challenge -->
